<?xml version="1.0" encoding="utf-8"?><testsuites><testsuite name="pytest" errors="0" failures="0" skipped="0" tests="5" time="2.350" timestamp="2022-01-21T21:20:29.745310" hostname="DESKTOP-J8AJ3E8"><testcase classname="test_submit" name="test_q1" time="0.005" /><testcase classname="test_submit" name="test_q2" time="0.003" /><testcase classname="test_submit" name="test_q3" time="0.002" /><testcase classname="test_submit" name="test_q4" time="0.005" /><testcase classname="test_submit" name="test_q5" time="0.007" /></testsuite></testsuites>