<?xml version="1.0" encoding="utf-8"?><testsuites><testsuite name="pytest" errors="0" failures="0" skipped="0" tests="7" time="5.941" timestamp="2022-02-25T20:47:50.711593" hostname="DESKTOP-J8AJ3E8"><testcase classname="test_submit" name="test_q1" time="0.003" /><testcase classname="test_submit" name="test_q2" time="0.006" /><testcase classname="test_submit" name="test_q3" time="0.003" /><testcase classname="test_submit" name="test_q4" time="0.007" /><testcase classname="test_submit" name="test_q5" time="0.004" /><testcase classname="test_submit" name="test_q6" time="0.380" /><testcase classname="test_submit" name="test_q7" time="0.834" /></testsuite></testsuites>